<?xml version="1.0" encoding="UTF-8"?>
<!-- Generated by org.testng.reporters.JUnitReportReporter -->
<testsuite hostname="onagssys-Air-5.lan" failures="0" tests="1" name="test.ValidLogin" time="2.068" errors="0" timestamp="2023-01-27T10:39:41 WAT" skipped="0">
  <testcase classname="test.ValidLogin" name="Login" time="2.068"/>
  <system-out/>
</testsuite> <!-- test.ValidLogin -->
