<?xml version="1.0" encoding="UTF-8"?>
<!-- Generated by org.testng.reporters.JUnitReportReporter -->
<testsuite hostname="onagssys-Air-5.lan" failures="0" tests="1" name="test.InvalidLogin" time="1.831" errors="0" timestamp="2023-01-27T10:39:07 WAT" skipped="0">
  <testcase classname="test.InvalidLogin" name="Login" time="1.831"/>
  <system-out/>
</testsuite> <!-- test.InvalidLogin -->
